<?xml version="1.0" encoding="UTF-8"?>
<!-- Generated by org.testng.reporters.JUnitReportReporter -->
<testsuite hostname="DESKTOP-7TVUAN4" failures="0" tests="1" name="GetExcelDataToPOM.Excel" time="0.604" errors="0" timestamp="2024-09-09T12:56:16 IST" skipped="0">
  <testcase classname="GetExcelDataToPOM.Excel" name="getExcelData" time="0.604"/>
</testsuite> <!-- GetExcelDataToPOM.Excel -->
