<?xml version="1.0" encoding="UTF-8"?>
<!-- Generated by org.testng.reporters.JUnitReportReporter -->
<testsuite hostname="DESKTOP-7TVUAN4" failures="0" tests="1" name="testsqlcases.TextBoxCase" time="8.981" errors="0" timestamp="2024-09-06T17:32:55 IST" skipped="0">
  <testcase classname="testsqlcases.TextBoxCase" name="form" time="8.981"/>
</testsuite> <!-- testsqlcases.TextBoxCase -->
